root - INFO - The total of different words in the corpus is 2287
root - INFO - Creating an elegie with 9 strophes.
root - INFO - Strophe with 4 lines, using O as start word...
root - INFO - line with a length of 8 words...
root - INFO - line with a length of 7 words...
root - INFO - line with a length of 7 words...
root - INFO - line with a length of 1 words...
root - INFO - Strophe with 4 lines, using Jede as start word...
root - INFO - line with a length of 5 words...
root - INFO - line with a length of 6 words...
root - INFO - line with a length of 9 words...
root - INFO - line with a length of 6 words...
root - INFO - Strophe with 4 lines, using Wäre as start word...
root - INFO - line with a length of 11 words...
root - INFO - line with a length of 9 words...
root - INFO - line with a length of 9 words...
root - INFO - line with a length of 9 words...
root - INFO - Strophe with 4 lines, using Ich as start word...
root - INFO - line with a length of 10 words...
root - INFO - line with a length of 6 words...
root - INFO - line with a length of 5 words...
root - INFO - line with a length of 8 words...
root - INFO - Strophe with 4 lines, using Plätze as start word...
root - INFO - line with a length of 7 words...
root - INFO - line with a length of 12 words...
root - INFO - line with a length of 9 words...
root - INFO - line with a length of 6 words...
root - INFO - Strophe with 4 lines, using War as start word...
root - INFO - line with a length of 5 words...
root - INFO - line with a length of 10 words...
root - INFO - line with a length of 6 words...
root - INFO - line with a length of 7 words...
root - INFO - Strophe with 4 lines, using Wo as start word...
root - INFO - line with a length of 9 words...
root - INFO - line with a length of 6 words...
root - INFO - line with a length of 6 words...
root - INFO - line with a length of 8 words...
root - INFO - Strophe with 4 lines, using Nirgends as start word...
root - INFO - line with a length of 9 words...
root - INFO - line with a length of 9 words...
root - INFO - line with a length of 12 words...
root - INFO - line with a length of 9 words...
root - INFO - Strophe with 4 lines, using Oder as start word...
root - INFO - line with a length of 9 words...
root - INFO - line with a length of 7 words...
root - INFO - line with a length of 6 words...
root - INFO - line with a length of 8 words...
